<?xml version="1.0" encoding="UTF-8"?>
<!-- Generated by org.testng.reporters.JUnitReportReporter -->
<testsuite hostname="Alexanders-MacBook-Pro.local" failures="0" tests="1" name="com.selenium.testng.FirstTest" time="0.002" errors="0" timestamp="2021-07-20T15:10:03 EDT" skipped="0">
  <testcase classname="com.selenium.testng.FirstTest" name="printDemo" time="0.002"/>
  <system-out/>
</testsuite> <!-- com.selenium.testng.FirstTest -->
