<?xml version="1.0" encoding="UTF-8"?>
<!-- Generated by org.testng.reporters.JUnitReportReporter -->
<testsuite hostname="Alexanders-MacBook-Pro.local" failures="0" tests="5" name="com.selenium.testng.PersonalLoan" time="0.009" errors="0" timestamp="2021-07-20T15:10:03 EDT" skipped="1">
  <testcase classname="com.selenium.testng.PersonalLoan" name="APILogin" time="0.002"/>
  <system-out/>
  <testcase classname="com.selenium.testng.PersonalLoan" name="MobileLogin" time="0.003"/>
  <system-out/>
  <testcase classname="com.selenium.testng.PersonalLoan" name="MobileSignin" time="0.001"/>
  <system-out/>
  <testcase classname="com.selenium.testng.PersonalLoan" name="MobileSignOut" time="0.003"/>
  <system-out/>
  <testcase classname="com.selenium.testng.PersonalLoan" name="WebLogin">
    <skipped/>
  </testcase> <!-- WebLogin -->
  <system-out/>
</testsuite> <!-- com.selenium.testng.PersonalLoan -->
